2022-11-22 09:30:22.734 - DBeaver 22.2.4.202211061524 is starting
2022-11-22 09:30:22.734 - OS: Windows 10 10.0 (amd64)
2022-11-22 09:30:22.734 - Java version: 11.0.12 by Eclipse Foundation (64bit)
2022-11-22 09:30:22.735 - Install path: 'C:\Users\alu\AppData\Local\DBeaver'
2022-11-22 09:30:22.735 - Instance path: 'file:/C:/Users/alu/AppData/Roaming/DBeaverData/workspace6/'
2022-11-22 09:30:22.735 - Memory available 64Mb/1024Mb
2022-11-22 09:30:22.742 - Create display
2022-11-22 09:30:22.813 - Initializing DBeaver 22.2.4
2022-11-22 09:30:22.814 - Host plugin: org.jkiss.dbeaver.ui.app.standalone 22.2.4.202211061524
2022-11-22 09:30:22.815 - Initialize desktop platform...
2022-11-22 09:30:22.899 - BounceCastle bundle found. Use JCE provider BC
> Start Core File Systems [org.eclipse.core.filesystem 1.9.500.v20220817-1539]
> Start Core Resource Management [org.eclipse.core.resources 3.18.0.v20220828-0546]
> Start Núcleo del equipo de soporte [org.eclipse.team.core 3.9.500.v20220817-1539]
> Start DBeaver UI Navigator [org.jkiss.dbeaver.ui.navigator 1.0.93.202211061524]
2022-11-22 09:30:23.059 - Initialize base platform...
> Start Expression Language [org.eclipse.core.expressions 3.8.200.v20220613-1047]
2022-11-22 09:30:23.067 - Platform initialized (253ms)
> Start DBeaver UI Editors - Base [org.jkiss.dbeaver.ui.editors.base 1.0.93.202211061524]
2022-11-22 09:30:23.073 - Starting RMI server at 41371
2022-11-22 09:30:23.204 - Run workbench
> Start Eclipse e4 Workbench SWT [org.eclipse.e4.ui.workbench.swt 0.16.600.v20220607-1204]
> Start Eclipse Application Services [org.eclipse.e4.core.services 2.3.300.v20220613-1047]
> Start Eclipse UI Application Services [org.eclipse.e4.ui.services 1.5.0.v20210115-1333]
> Start Eclipse e4 Progress View [org.eclipse.e4.ui.progress 0.3.500.v20220717-1456]
> Start EMF XML/XMI Persistence [org.eclipse.emf.ecore.xmi 2.17.0.v20220817-1334]
> Start Eclipse CSS SWT Theme Support [org.eclipse.e4.ui.css.swt.theme 0.13.100.v20220310-1056]
> Start Eclipse e4 Workbench Add-ons [org.eclipse.e4.ui.workbench.addons.swt 1.4.400.v20211102-0453]
Warning: NLS unused message: WorkbenchPreference_showMultipleEditorTabsButton in: org.eclipse.ui.internal.messages
Warning: NLS unused message: ThemeChangeWarningHyperlinkedText in: org.eclipse.ui.internal.messages
Warning: NLS unused message: Workbench_zoomChangedRestart in: org.eclipse.ui.internal.messages
> Start Eclipse e4 Workbench SWT Renderer [org.eclipse.e4.ui.workbench.renderers.swt 0.15.600.v20220715-1400]
> Start Eclipse Bindings Support [org.eclipse.e4.ui.bindings 0.13.100.v20210722-1426]
> Start Eclipse Dependency Injection Extensions [org.eclipse.e4.core.di.extensions 0.17.200.v20220613-1008]
> Start Eclipse CSS SWT Support [org.eclipse.e4.ui.css.swt 0.14.600.v20220621-1327]
> Start DBeaver UI [org.jkiss.dbeaver.ui 5.1.108.202211061524]
Warning: NLS unused message: BlockedJobsDialog_UserInterfaceTreeElement in: org.eclipse.ui.internal.progress.messages
2022-11-22 09:30:24.180 - Configure workbench window
> Start Núcleo del sistema de ayuda [org.eclipse.help 3.9.100.v20210721-0601]
2022-11-22 09:30:24.242 - Create actions
2022-11-22 09:30:24.245 - Disable Eclipse action set 'org.eclipse.ui.edit.text.actionSet.annotationNavigation'
2022-11-22 09:30:24.245 - Disable Eclipse action set 'org.eclipse.ui.WorkingSetActionSet'
2022-11-22 09:30:24.246 - Disable Eclipse action set 'org.eclipse.ui.actionSet.openFiles'
Warning: NLS unused message: controls_client_homes_panel_button_add_home in: org.jkiss.dbeaver.core.CoreResources
Warning: NLS unused message: controls_client_homes_panel_button_remove_home in: org.jkiss.dbeaver.core.CoreResources
Warning: NLS unused message: controls_client_homes_panel_confirm_remove_home_text in: org.jkiss.dbeaver.core.CoreResources
Warning: NLS unused message: controls_client_homes_panel_confirm_remove_home_title in: org.jkiss.dbeaver.core.CoreResources
Warning: NLS unused message: controls_client_homes_panel_dialog_title in: org.jkiss.dbeaver.core.CoreResources
Warning: NLS unused message: controls_client_homes_panel_group_information in: org.jkiss.dbeaver.core.CoreResources
Warning: NLS unused message: controls_client_homes_panel_label_id in: org.jkiss.dbeaver.core.CoreResources
Warning: NLS unused message: controls_client_homes_panel_label_name in: org.jkiss.dbeaver.core.CoreResources
Warning: NLS unused message: controls_client_homes_panel_label_path in: org.jkiss.dbeaver.core.CoreResources
Warning: NLS unused message: controls_client_homes_panel_label_product_name in: org.jkiss.dbeaver.core.CoreResources
Warning: NLS unused message: controls_client_homes_panel_label_product_version in: org.jkiss.dbeaver.core.CoreResources
2022-11-22 09:30:24.521 - Initialize workbench window
2022-11-22 09:30:24.526 - Finish initialization
> Start Editor de texto predeterminado [org.eclipse.ui.editors 3.14.400.v20220730-1844]
> Start Entorno de trabajo [org.eclipse.ui.workbench.texteditor 3.16.600.v20220809-1658]
> Start DBeaver UI Editors - Data [org.jkiss.dbeaver.ui.editors.data 1.0.93.202211061524]
> Start DBeaver SQL Model [org.jkiss.dbeaver.model.sql 1.0.83.202211061524]
> Start DBeaver UI Editors - SQL [org.jkiss.dbeaver.ui.editors.sql 1.0.93.202211061524]
> Start Soporte de Core Compare [org.eclipse.compare.core 3.7.100.v20220812-1406]
> Start Equinox Java Authentication and Authorization Service (JAAS) [org.eclipse.equinox.security 1.3.1000.v20220801-1135]
> Start Interfaz de usuario de manejo de conexión a Internet [org.eclipse.ui.net 1.4.100.v20220812-1406]
> Start Internet Connection Management [org.eclipse.core.net 1.4.0.v20220813-1037]
2022-11-22 09:30:25.701 - Total database drivers: 101 (101)
> Start DBeaver Sample Database [org.jkiss.dbeaver.ext.sample.database 1.0.130.202211061524]
> Start DBeaver Tip of the day [org.jkiss.dbeaver.ext.ui.tipoftheday 1.0.99.202211061524]
> Start Draw2d [org.eclipse.draw2dl 3.12.100.20221014131737]
> Start GEF3 GEF (MVC) [org.eclipse.gef3 3.12.100.20221014131737]
> Start DBeaver ERD UI [org.jkiss.dbeaver.erd.ui 3.0.53.202211061524]
> Start DBeaver ERD Model [org.jkiss.dbeaver.erd.model 1.0.53.202211061524]
> Start Consola [org.eclipse.ui.console 3.11.300.v20220811-1921]
Warning: NLS unused message: InputStreamMonitor_label in: org.eclipse.debug.internal.core.DebugCoreMessages
Warning: NLS unused message: OutputStreamMonitor_label in: org.eclipse.debug.internal.core.DebugCoreMessages
> Start Núcleo de depuración [org.eclipse.debug.core 3.20.0.v20220811-0741]
2022-11-22 09:30:26.299 - Connect with 'localhost' (mariaDB-183e5dcbd59-748601c457960720)
> Start DBeaver MySQL Support [org.jkiss.dbeaver.ext.mysql 2.1.178.202211061524]
2022-11-22 09:30:26.321 - Execution context opened (localhost; Main; 0)
> Start DBeaver GIS Support [org.jkiss.dbeaver.data.gis 1.0.117.202211061524]
2022-11-22 09:30:26.409 - Execution context opened (localhost; Metadata; 1)
2022-11-22 09:30:26.458 - Connected (mariaDB-183e5dcbd59-748601c457960720, MariaDB Connector/J [3.0.7])
2022-11-22 09:30:26.472 - Execution context opened (localhost; SQLEditor <Script-ej7.sql>; 2)
> Start DBeaver MySQL UI Support [org.jkiss.dbeaver.ext.mysql.ui 1.0.85.202211061524]
> Start DBeaver UI Editors - Connections [org.jkiss.dbeaver.ui.editors.connection 1.0.84.202211061524]
2022-11-22 09:37:26.036 - Execution context opened (localhost; SQLEditor <Script-1.sql>; 3)
